<?xml version="1.1" encoding="UTF-8"?>
<testsuite name="WordUnitTest" tests="1" failures="0" errors="0" timestamp="2015-08-21T21:43:45" hostname="chitraphp" time="0.002">
  <properties/>
  <testcase name="word_instantiatesCorrectly_true" classname="WordUnitTest" time="0.002"/>
  <system-out><![CDATA[]]></system-out>
  <system-err><![CDATA[]]></system-err>
</testsuite>
